Build started 2012/10/7 下午 07:41:36.
     1>Project "D:\ddd\Course\DIP\hw2\DSP_HW2\interpolation\interpolation\interpolation.vcxproj" on node 2 (build target(s)).
     1>InitializeBuildStatus:
         Creating "Debug\interpolation.unsuccessfulbuild" because "AlwaysCreate" was specified.
       ClCompile:
         All outputs are up-to-date.
         c:\Program Files (x86)\Microsoft Visual Studio 10.0\VC\bin\CL.exe /c /ZI /nologo /W3 /WX- /Od /Oy- /D WIN32 /D _DEBUG /D _CONSOLE /D _UNICODE /D UNICODE /Gm /EHsc /RTC1 /MDd /GS /fp:precise /Zc:wchar_t /Zc:forScope /Yu"StdAfx.h" /Fp"Debug\interpolation.pch" /Fo"Debug\\" /Fd"Debug\vc100.pdb" /Gd /TP /analyze- /errorReport:prompt interpolation.cpp
         interpolation.cpp
       ManifestResourceCompile:
         All outputs are up-to-date.
       Link:
         c:\Program Files (x86)\Microsoft Visual Studio 10.0\VC\bin\link.exe /ERRORREPORT:PROMPT /OUT:"D:\ddd\Course\DIP\hw2\DSP_HW2\interpolation\Debug\interpolation.exe" /INCREMENTAL /NOLOGO opencv_calib3d231d.lib opencv_contrib231d.lib opencv_core231d.lib opencv_features2d231d.lib opencv_flann231d.lib opencv_gpu231d.lib opencv_highgui231d.lib opencv_imgproc231d.lib opencv_legacy231d.lib opencv_ml231d.lib opencv_objdetect231d.lib opencv_ts231d.lib opencv_video231d.lib kernel32.lib user32.lib gdi32.lib winspool.lib comdlg32.lib advapi32.lib shell32.lib ole32.lib oleaut32.lib uuid.lib odbc32.lib odbccp32.lib kernel32.lib user32.lib gdi32.lib winspool.lib comdlg32.lib advapi32.lib shell32.lib ole32.lib oleaut32.lib uuid.lib odbc32.lib odbccp32.lib /MANIFEST /ManifestFile:"Debug\interpolation.exe.intermediate.manifest" /MANIFESTUAC:"level='asInvoker' uiAccess='false'" /DEBUG /PDB:"D:\ddd\Course\DIP\hw2\DSP_HW2\interpolation\Debug\interpolation.pdb" /SUBSYSTEM:CONSOLE /TLBID:1 /DYNAMICBASE /NXCOMPAT /IMPLIB:"D:\ddd\Course\DIP\hw2\DSP_HW2\interpolation\Debug\interpolation.lib" /MACHINE:X86 Debug\interpolation.exe.embed.manifest.res
         Debug\interpolation.obj
         Debug\stdafx.obj
       Manifest:
         C:\Program Files (x86)\Microsoft SDKs\Windows\v7.0A\bin\mt.exe /nologo /verbose /out:"Debug\interpolation.exe.embed.manifest" /manifest Debug\interpolation.exe.intermediate.manifest
         All outputs are up-to-date.
       LinkEmbedManifest:
         All outputs are up-to-date.
         interpolation.vcxproj -> D:\ddd\Course\DIP\hw2\DSP_HW2\interpolation\Debug\interpolation.exe
       FinalizeBuildStatus:
         Deleting file "Debug\interpolation.unsuccessfulbuild".
         Touching "Debug\interpolation.lastbuildstate".
     1>Done Building Project "D:\ddd\Course\DIP\hw2\DSP_HW2\interpolation\interpolation\interpolation.vcxproj" (build target(s)).

Build succeeded.

Time Elapsed 00:00:01.39
