Build started 2012/10/8 下午 02:50:22.
     1>Project "D:\ddd\Course\DIP\hw2\DSP_HW2\interpolation\interpolation\interpolation.vcxproj" on node 2 (build target(s)).
     1>PrepareForBuild:
         Creating directory "D:\ddd\Course\DIP\hw2\DSP_HW2\interpolation\Release\".
       InitializeBuildStatus:
         Creating "Release\interpolation.unsuccessfulbuild" because "AlwaysCreate" was specified.
       ClCompile:
         c:\Program Files (x86)\Microsoft Visual Studio 10.0\VC\bin\CL.exe /c /Zi /nologo /W3 /WX- /O2 /Oi /Oy- /GL /D WIN32 /D NDEBUG /D _CONSOLE /D _UNICODE /D UNICODE /Gm- /EHsc /MD /GS /Gy /fp:precise /Zc:wchar_t /Zc:forScope /Yc"StdAfx.h" /Fp"Release\interpolation.pch" /Fo"Release\\" /Fd"Release\vc100.pdb" /Gd /TP /analyze- /errorReport:prompt stdafx.cpp
         stdafx.cpp
         c:\Program Files (x86)\Microsoft Visual Studio 10.0\VC\bin\CL.exe /c /Zi /nologo /W3 /WX- /O2 /Oi /Oy- /GL /D WIN32 /D NDEBUG /D _CONSOLE /D _UNICODE /D UNICODE /Gm- /EHsc /MD /GS /Gy /fp:precise /Zc:wchar_t /Zc:forScope /Yu"StdAfx.h" /Fp"Release\interpolation.pch" /Fo"Release\\" /Fd"Release\vc100.pdb" /Gd /TP /analyze- /errorReport:prompt interpolation.cpp
         interpolation.cpp
       Link:
         c:\Program Files (x86)\Microsoft Visual Studio 10.0\VC\bin\link.exe /ERRORREPORT:PROMPT /OUT:"D:\ddd\Course\DIP\hw2\DSP_HW2\interpolation\Release\interpolation.exe" /INCREMENTAL:NO /NOLOGO opencv_calib3d231.lib opencv_contrib231.lib opencv_core231.lib opencv_features2d231.lib opencv_flann231.lib opencv_gpu231.lib opencv_highgui231.lib opencv_imgproc231.lib opencv_legacy231.lib opencv_ml231.lib opencv_objdetect231.lib opencv_ts231.lib opencv_video231.lib kernel32.lib user32.lib gdi32.lib winspool.lib comdlg32.lib advapi32.lib shell32.lib ole32.lib oleaut32.lib uuid.lib odbc32.lib odbccp32.lib kernel32.lib user32.lib gdi32.lib winspool.lib comdlg32.lib advapi32.lib shell32.lib ole32.lib oleaut32.lib uuid.lib odbc32.lib odbccp32.lib /MANIFEST /ManifestFile:"Release\interpolation.exe.intermediate.manifest" /MANIFESTUAC:"level='asInvoker' uiAccess='false'" /DEBUG /PDB:"D:\ddd\Course\DIP\hw2\DSP_HW2\interpolation\Release\interpolation.pdb" /SUBSYSTEM:CONSOLE /OPT:REF /OPT:ICF /LTCG /TLBID:1 /DYNAMICBASE /NXCOMPAT /IMPLIB:"D:\ddd\Course\DIP\hw2\DSP_HW2\interpolation\Release\interpolation.lib" /MACHINE:X86 Release\interpolation.obj
         Release\stdafx.obj
         Generating code
         Finished generating code
         interpolation.vcxproj -> D:\ddd\Course\DIP\hw2\DSP_HW2\interpolation\Release\interpolation.exe
       Manifest:
         C:\Program Files (x86)\Microsoft SDKs\Windows\v7.0A\bin\mt.exe /nologo /verbose /outputresource:"D:\ddd\Course\DIP\hw2\DSP_HW2\interpolation\Release\interpolation.exe;#1" /manifest Release\interpolation.exe.intermediate.manifest
       FinalizeBuildStatus:
         Deleting file "Release\interpolation.unsuccessfulbuild".
         Touching "Release\interpolation.lastbuildstate".
     1>Done Building Project "D:\ddd\Course\DIP\hw2\DSP_HW2\interpolation\interpolation\interpolation.vcxproj" (build target(s)).

Build succeeded.

Time Elapsed 00:00:02.37
